<?xml version="1.0" encoding="UTF-8"?>
<testsuite xmlns:xsi="http://www.w3.org/2001/XMLSchema-instance" xsi:noNamespaceSchemaLocation="https://maven.apache.org/surefire/maven-surefire-plugin/xsd/surefire-test-report.xsd" name="com.ThirdPartyName.MyModel.MyType.ProtocolServiceImplTest" time="0.255" tests="4" errors="0" skipped="0" failures="0">
  <properties>
[...]
</properties>
  <testcase name="testDecodeDeviceReportData" classname="com.ThirdPartyName.MyModel.MyType.ProtocolServiceImplTest" time="0.213"/>
  <testcase name="testDecodeDeviceResponseIoT" classname="com.ThirdPartyName.MyModel.MyType.ProtocolServiceImplTest" time="0.009"/>
  <testcase name="testEncodeIoTSendCommand" classname="com.ThirdPartyName.MyModel.MyType.ProtocolServiceImplTest" time="0.001"/>
  <testcase name="testEncodeIoTResponseDevice" classname="com.ThirdPartyName.MyModel.MyType.ProtocolServiceImplTest" time="0.002"/>
</testsuite>